\o Program:		@(#)$CDS: libManager version 6.1.6 - CAT33 05/07/2013 21:21 (sjfnl896) $
\o Sub version:		sub-version  s001 
\o Arguments:		-unmapped -mpssession virtuoso19659 -mpshost tux-50 
\o Working Directory:	tux-50:/userspace/y/yaman/ece555/cadence/Indigo
\o 64-bit offsets
\o Qt version: 		4.7.2
\o changeWorkingDir("/userspace/y/yaman/ece555/cadence/Indigo") unnecessary.
\o ddSetForcedLib("") unnecessary.
\o Log file is "/userspace/y/yaman/ece555/cadence/Indigo/libManager.log".
\o Opening libManager window.
\a nrSetWindowVisibility(cdsLibManager "show")
\o MPS service: map window
\a nrSetCurrentWindow(cdsLibManager)
\o Library Manager customization server connected.
\w Warning: LIB basic from File /cae/apps/data/cadence-2013/NCSU/installs/ncsu-cdk-1.6.0.beta/cdssetup/cds.lib Line 2 redefines
\w LIB basic from File /cae/apps/data/cadence-2013/installs/IC616/tools.lnx86/dfII/etc/cdsDotLibs/composer/cds.lib
\w Insert UNDEFINE basic
\w before DEFINE basic
\w     in /cae/apps/data/cadence-2013/NCSU/installs/ncsu-cdk-1.6.0.beta/cdssetup/cds.lib
\w Or remove or comment out DEFINE basic
\w     in /cae/apps/data/cadence-2013/installs/IC616/tools.lnx86/dfII/etc/cdsDotLibs/composer/cds.lib
\w to suppress this warning message.
\a nrResizeWindow(cdsLibManager list(665 362 613 537))
\a cdsLibManager->libListBox->value = "NCSU_TechLib_tsmc02"
\a cdsLibManager->libLineEdit->value = "NCSU_TechLib_tsmc02"
\a nrSetCurrentWindow(cdsLibManager)
\o MPS service: shutdown
\o libManager is exiting.
\a nrSetWindowVisibility(cdsLibManager "hide")
\a exit(0)
